0 info it worked if it ends with ok
1 verbose cli [ 'node', '/usr/local/bin/npm', 'uninstall', '-g', 'ios-sim' ]
2 info using npm@1.4.28
3 info using node@v0.10.32
4 verbose lib/node_modules/ios-sim unbuild
5 info preuninstall ios-sim@3.1.1
6 info uninstall ios-sim@3.1.1
7 verbose true,/usr/local/lib/node_modules,/usr/local/lib/node_modules unbuild ios-sim@3.1.1
8 verbose /usr/local/bin,[object Object] binRoot
9 info postuninstall ios-sim@3.1.1
10 error Error: EACCES, unlink '/usr/local/lib/node_modules/ios-sim'
10 error  { [Error: EACCES, unlink '/usr/local/lib/node_modules/ios-sim']
10 error   errno: 3,
10 error   code: 'EACCES',
10 error   path: '/usr/local/lib/node_modules/ios-sim' }
11 error Please try running this command again as root/Administrator.
12 error System Darwin 14.1.0
13 error command "node" "/usr/local/bin/npm" "uninstall" "-g" "ios-sim"
14 error cwd /Users/v733647/Code/milestone/milestone
15 error node -v v0.10.32
16 error npm -v 1.4.28
17 error path /usr/local/lib/node_modules/ios-sim
18 error code EACCES
19 error errno 3
20 error stack Error: EACCES, unlink '/usr/local/lib/node_modules/ios-sim'
21 verbose exit [ 3, true ]
